-------------------------------------------------------------------------------
Test set: TestSuite
-------------------------------------------------------------------------------
Tests run: 9, Failures: 9, Errors: 0, Skipped: 0, Time elapsed: 3.278 s <<< FAILURE! - in TestSuite
runScenario(testrunner.TestRunner)  Time elapsed: 0.611 s  <<< FAILURE!
io.cucumber.core.exception.CucumberException: Failed to instantiate class stepdefinition.DSalgoSignInStepDefinition
Caused by: java.lang.reflect.InvocationTargetException
Caused by: java.lang.IllegalArgumentException: Input must be set

runScenario(testrunner.TestRunner)  Time elapsed: 0.068 s  <<< FAILURE!
io.cucumber.core.exception.CucumberException: Failed to instantiate class stepdefinition.DSalgoSignInStepDefinition
Caused by: java.lang.reflect.InvocationTargetException
Caused by: java.lang.IllegalArgumentException: Input must be set

runScenario(testrunner.TestRunner)  Time elapsed: 0.071 s  <<< FAILURE!
io.cucumber.core.exception.CucumberException: Failed to instantiate class stepdefinition.DSalgoSignInStepDefinition
Caused by: java.lang.reflect.InvocationTargetException
Caused by: java.lang.IllegalArgumentException: Input must be set

runScenario(testrunner.TestRunner)  Time elapsed: 0.031 s  <<< FAILURE!
io.cucumber.core.exception.CucumberException: Failed to instantiate class stepdefinition.DSalgoSignInStepDefinition
Caused by: java.lang.reflect.InvocationTargetException
Caused by: java.lang.IllegalArgumentException: Input must be set

runScenario(testrunner.TestRunner)  Time elapsed: 0.033 s  <<< FAILURE!
io.cucumber.core.exception.CucumberException: Failed to instantiate class stepdefinition.DSalgoSignInStepDefinition
Caused by: java.lang.reflect.InvocationTargetException
Caused by: java.lang.IllegalArgumentException: Input must be set

runScenario(testrunner.TestRunner)  Time elapsed: 0.041 s  <<< FAILURE!
io.cucumber.core.exception.CucumberException: Failed to instantiate class stepdefinition.DSalgoSignInStepDefinition
Caused by: java.lang.reflect.InvocationTargetException
Caused by: java.lang.IllegalArgumentException: Input must be set

runScenario(testrunner.TestRunner)  Time elapsed: 0.04 s  <<< FAILURE!
io.cucumber.core.exception.CucumberException: Failed to instantiate class stepdefinition.DSalgoSignInStepDefinition
Caused by: java.lang.reflect.InvocationTargetException
Caused by: java.lang.IllegalArgumentException: Input must be set

runScenario(testrunner.TestRunner)  Time elapsed: 0.039 s  <<< FAILURE!
io.cucumber.core.exception.CucumberException: Failed to instantiate class stepdefinition.DSalgoSignInStepDefinition
Caused by: java.lang.reflect.InvocationTargetException
Caused by: java.lang.IllegalArgumentException: Input must be set

runScenario(testrunner.TestRunner)  Time elapsed: 0.025 s  <<< FAILURE!
io.cucumber.core.exception.CucumberException: Failed to instantiate class stepdefinition.DSalgoSignInStepDefinition
Caused by: java.lang.reflect.InvocationTargetException
Caused by: java.lang.IllegalArgumentException: Input must be set

